<?xml version='1.1' encoding='UTF-8'?>
<result plugin="junit@1.48">
  <suites>
    <suite>
      <file>/home/workspace/MainJob/target/surefire-reports/TEST-pl.pandait.panda.HelloControllerTest.xml</file>
      <name>pl.pandait.panda.HelloControllerTest</name>
      <duration>2.841</duration>
      <time>2.841</time>
      <enclosingBlocks/>
      <enclosingBlockNames/>
      <cases>
        <case>
          <duration>0.161</duration>
          <className>pl.pandait.panda.HelloControllerTest</className>
          <testName>whenGivenAttributeNameThenItIsInModel</testName>
          <skipped>false</skipped>
          <failedSince>0</failedSince>
        </case>
      </cases>
    </suite>
    <suite>
      <file>/home/workspace/MainJob/target/surefire-reports/TEST-pl.pandait.panda.PandaApplicationSeleniumTest.xml</file>
      <name>pl.pandait.panda.PandaApplicationSeleniumTest</name>
      <duration>23.646</duration>
      <time>23.646</time>
      <enclosingBlocks/>
      <enclosingBlockNames/>
      <cases>
        <case>
          <duration>8.688</duration>
          <className>pl.pandait.panda.PandaApplicationSeleniumTest</className>
          <testName>greetings_shouldOpenMainPageThenReturnWelcomeText</testName>
          <skipped>false</skipped>
          <failedSince>0</failedSince>
        </case>
        <case>
          <duration>8.325</duration>
          <className>pl.pandait.panda.PandaApplicationSeleniumTest</className>
          <testName>greetings_shouldOpenSubpageThenReturnGreetingsText</testName>
          <skipped>false</skipped>
          <failedSince>0</failedSince>
        </case>
      </cases>
    </suite>
    <suite>
      <file>/home/workspace/MainJob/target/surefire-reports/TEST-pl.pandait.panda.PandaApplicationTest.xml</file>
      <name>pl.pandait.panda.PandaApplicationTest</name>
      <duration>6.383</duration>
      <time>6.383</time>
      <enclosingBlocks/>
      <enclosingBlockNames/>
      <cases>
        <case>
          <duration>0.643</duration>
          <className>pl.pandait.panda.PandaApplicationTest</className>
          <testName>contextLoads</testName>
          <skipped>false</skipped>
          <failedSince>0</failedSince>
        </case>
      </cases>
    </suite>
  </suites>
  <duration>32.87</duration>
  <keepLongStdio>false</keepLongStdio>
</result>