<?xml version='1.1' encoding='UTF-8'?>
<result plugin="junit@1.48">
  <suites>
    <suite>
      <file>/home/workspace/MainJob/target/surefire-reports/TEST-pl.pandait.panda.HelloControllerTest.xml</file>
      <name>pl.pandait.panda.HelloControllerTest</name>
      <duration>2.484</duration>
      <time>2.484</time>
      <enclosingBlocks/>
      <enclosingBlockNames/>
      <cases>
        <case>
          <duration>0.212</duration>
          <className>pl.pandait.panda.HelloControllerTest</className>
          <testName>whenGivenAttributeNameThenItIsInModel</testName>
          <skipped>false</skipped>
          <failedSince>0</failedSince>
        </case>
      </cases>
    </suite>
    <suite>
      <file>/home/workspace/MainJob/target/surefire-reports/TEST-pl.pandait.panda.PandaApplicationSeleniumTest.xml</file>
      <name>pl.pandait.panda.PandaApplicationSeleniumTest</name>
      <duration>24.521</duration>
      <time>24.521</time>
      <enclosingBlocks/>
      <enclosingBlockNames/>
      <cases>
        <case>
          <duration>9.734</duration>
          <className>pl.pandait.panda.PandaApplicationSeleniumTest</className>
          <testName>greetings_shouldOpenMainPageThenReturnWelcomeText</testName>
          <skipped>false</skipped>
          <failedSince>0</failedSince>
        </case>
        <case>
          <duration>7.756</duration>
          <className>pl.pandait.panda.PandaApplicationSeleniumTest</className>
          <testName>greetings_shouldOpenSubpageThenReturnGreetingsText</testName>
          <skipped>false</skipped>
          <failedSince>0</failedSince>
        </case>
      </cases>
    </suite>
    <suite>
      <file>/home/workspace/MainJob/target/surefire-reports/TEST-pl.pandait.panda.PandaApplicationTest.xml</file>
      <name>pl.pandait.panda.PandaApplicationTest</name>
      <duration>5.952</duration>
      <time>5.952</time>
      <enclosingBlocks/>
      <enclosingBlockNames/>
      <cases>
        <case>
          <duration>0.541</duration>
          <className>pl.pandait.panda.PandaApplicationTest</className>
          <testName>contextLoads</testName>
          <skipped>false</skipped>
          <failedSince>0</failedSince>
        </case>
      </cases>
    </suite>
  </suites>
  <duration>32.957</duration>
  <keepLongStdio>false</keepLongStdio>
</result>