<?xml version='1.1' encoding='UTF-8'?>
<result plugin="junit@1.48">
  <suites>
    <suite>
      <file>/home/workspace/MainJob/target/surefire-reports/TEST-pl.pandait.panda.HelloControllerTest.xml</file>
      <name>pl.pandait.panda.HelloControllerTest</name>
      <duration>2.715</duration>
      <time>2.715</time>
      <enclosingBlocks/>
      <enclosingBlockNames/>
      <cases>
        <case>
          <duration>0.164</duration>
          <className>pl.pandait.panda.HelloControllerTest</className>
          <testName>whenGivenAttributeNameThenItIsInModel</testName>
          <skipped>false</skipped>
          <failedSince>0</failedSince>
        </case>
      </cases>
    </suite>
    <suite>
      <file>/home/workspace/MainJob/target/surefire-reports/TEST-pl.pandait.panda.PandaApplicationSeleniumTest.xml</file>
      <name>pl.pandait.panda.PandaApplicationSeleniumTest</name>
      <duration>24.421</duration>
      <time>24.421</time>
      <enclosingBlocks/>
      <enclosingBlockNames/>
      <cases>
        <case>
          <duration>9.331</duration>
          <className>pl.pandait.panda.PandaApplicationSeleniumTest</className>
          <testName>greetings_shouldOpenMainPageThenReturnWelcomeText</testName>
          <skipped>false</skipped>
          <failedSince>0</failedSince>
        </case>
        <case>
          <duration>9.298</duration>
          <className>pl.pandait.panda.PandaApplicationSeleniumTest</className>
          <testName>greetings_shouldOpenSubpageThenReturnGreetingsText</testName>
          <skipped>false</skipped>
          <failedSince>0</failedSince>
        </case>
      </cases>
    </suite>
    <suite>
      <file>/home/workspace/MainJob/target/surefire-reports/TEST-pl.pandait.panda.PandaApplicationTest.xml</file>
      <name>pl.pandait.panda.PandaApplicationTest</name>
      <duration>5.784</duration>
      <time>5.784</time>
      <enclosingBlocks/>
      <enclosingBlockNames/>
      <cases>
        <case>
          <duration>0.653</duration>
          <className>pl.pandait.panda.PandaApplicationTest</className>
          <testName>contextLoads</testName>
          <skipped>false</skipped>
          <failedSince>0</failedSince>
        </case>
      </cases>
    </suite>
  </suites>
  <duration>32.92</duration>
  <keepLongStdio>false</keepLongStdio>
</result>